<?xml version="1.0" encoding="UTF-8"?>
<robot generator="Robot 7.4.2 (Python 3.14.0 on win32)" generated="2026-07-14T17:44:26.687029" rpa="false" schemaversion="5">
<suite id="s1" name="Api Test" source="C:\Users\24738\Desktop\venvTest\api_test.robot">
<test id="s1-t1" name="测试GET请求 - 获取用户信息" line="6">
<kw name="Create Session" owner="RequestsLibrary">
<msg time="2026-07-14T17:44:27.732801" level="INFO">Creating Session using : alias=my_session, url=https://jsonplaceholder.typicode.com, headers={},                     cookies={}, auth=None, timeout=None, proxies=None, verify=False,                     debug=0 </msg>
<arg>my_session</arg>
<arg>https://jsonplaceholder.typicode.com</arg>
<doc>Create Session: create a HTTP session to a server</doc>
<status status="PASS" start="2026-07-14T17:44:27.732256" elapsed="0.000875"/>
</kw>
<kw name="GET On Session" owner="RequestsLibrary">
<msg time="2026-07-14T17:44:31.252874" level="INFO">GET Request : url=https://jsonplaceholder.typicode.com/users/1 
 path_url=/users/1 
 headers={'User-Agent': 'python-requests/2.34.2', 'Accept-Encoding': 'gzip, deflate, zstd', 'Accept': '*/*', 'Connection': 'keep-alive'} 
 body=None 
 </msg>
<msg time="2026-07-14T17:44:31.253146" level="INFO">GET Response : url=https://jsonplaceholder.typicode.com/users/1 
 status=200, reason=OK 
 headers={'Date': 'Tue, 14 Jul 2026 09:44:30 GMT', 'Content-Type': 'application/json; charset=utf-8', 'Transfer-Encoding': 'chunked', 'Connection': 'keep-alive', 'Access-Control-Allow-Credentials': 'true', 'Cache-Control': 'max-age=43200', 'Etag': 'W/"1fd-+2Y3G3w049iSZtw5t1mzSnunngE"', 'Expires': '-1', 'Nel': '{"report_to":"heroku-nel","response_headers":["Via"],"max_age":3600,"success_fraction":0.01,"failure_fraction":0.1}', 'Pragma': 'no-cache', 'Report-To': '{"group":"heroku-nel","endpoints":[{"url":"https://nel.heroku.com/reports?s=FYFRogAn3dKBjEhLtIZXIrhRfJWawMuiWwJuQxpul1k%3D\\u0026sid=e11707d5-02a7-43ef-b45e-2cf4d2036f7d\\u0026ts=1784012043"}],"max_age":3600}', 'Reporting-Endpoints': 'heroku-nel="https://nel.heroku.com/reports?s=FYFRogAn3dKBjEhLtIZXIrhRfJWawMuiWwJuQxpul1k%3D&amp;sid=e11707d5-02a7-43ef-b45e-2cf4d2036f7d&amp;ts=1784012043"', 'Server': 'cloudflare', 'Vary': 'Origin, Accept-Encoding', 'Via': '2.0 heroku-router', 'X-Content-Type-Options': 'nosniff', 'X-Powered-By': 'Express', 'X-Ratelimit-Limit': '1000', 'X-Ratelimit-Remaining': '999', 'X-Ratelimit-Reset': '1784012052', 'Age': '10226', 'Cf-Cache-Status': 'HIT', 'Content-Encoding': 'zstd', 'CF-RAY': 'a1af96d46b8c0a82-LAX', 'alt-svc': 'h3=":443"; ma=86400'} 
 body={
  "id": 1,
  "name": "Leanne Graham",
  "username": "Bret",
  "email": "Sincere@april.biz",
  "address": {
    "street": "Kulas Light",
    "suite": "Apt. 556",
    "city": "Gwenborough",
    "zipcode": "92998-3874",
    "geo": {
      "lat": "-37.3159",
      "lng": "81.1496"
    }
  },
  "phone": "1-770-736-8031 x56442",
  "website": "hildegard.org",
  "company": {
    "name": "Romaguera-Crona",
    "catchPhrase": "Multi-layered client-server neural-net",
    "bs": "harness real-time e-markets"
  }
} 
 </msg>
<msg time="2026-07-14T17:44:31.253269" level="INFO">C:\Python\Lib\site-packages\urllib3\connectionpool.py:1110: InsecureRequestWarning: Unverified HTTPS request is being made to host 'jsonplaceholder.typicode.com'. Adding certificate verification is strongly advised. See: https://urllib3.readthedocs.io/en/latest/advanced-usage.html#tls-warnings
  warnings.warn(</msg>
<msg time="2026-07-14T17:44:31.253775" level="INFO">${response} = &lt;Response [200]&gt;</msg>
<var>${response}</var>
<arg>my_session</arg>
<arg>/users/1</arg>
<doc>Sends a GET request on a previously created HTTP Session.</doc>
<status status="PASS" start="2026-07-14T17:44:27.733696" elapsed="3.520135"/>
</kw>
<kw name="Status Should Be" owner="RequestsLibrary">
<arg>200</arg>
<arg>${response}</arg>
<doc>Fails if response status code is different than the expected.</doc>
<status status="PASS" start="2026-07-14T17:44:31.254344" elapsed="0.000473"/>
</kw>
<kw name="To Json" owner="RequestsLibrary">
<msg time="2026-07-14T17:44:31.255157" level="WARN">Keyword 'RequestsLibrary.To Json' is deprecated. Please use ${resp.json()} instead. Have a look at the improved HTML output as pretty printing replacement.</msg>
<msg time="2026-07-14T17:44:31.256266" level="INFO">To JSON using : content={
  "id": 1,
  "name": "Leanne Graham",
  "username": "Bret",
  "email": "Sincere@april.biz",
  "address": {
    "street": "Kulas Light",
    "suite": "Apt. 556",
    "city": "Gwenborough",
    "zipcode": "92998-3874",
    "geo": {
      "lat": "-37.3159",
      "lng": "81.1496"
    }
  },
  "phone": "1-770-736-8031 x56442",
  "website": "hildegard.org",
  "company": {
    "name": "Romaguera-Crona",
    "catchPhrase": "Multi-layered client-server neural-net",
    "bs": "harness real-time e-markets"
  }
} </msg>
<msg time="2026-07-14T17:44:31.256309" level="INFO">To JSON using : pretty_print=False </msg>
<msg time="2026-07-14T17:44:31.256406" level="INFO">${json} = {'id': 1, 'name': 'Leanne Graham', 'username': 'Bret', 'email': 'Sincere@april.biz', 'address': {'street': 'Kulas Light', 'suite': 'Apt. 556', 'city': 'Gwenborough', 'zipcode': '92998-3874', 'geo': {'...</msg>
<var>${json}</var>
<arg>${response.content}</arg>
<doc>*DEPRECATED* Please use ${resp.json()} instead. Have a look at the improved HTML output as pretty printing replacement.</doc>
<status status="PASS" start="2026-07-14T17:44:31.255125" elapsed="0.001305"/>
</kw>
<kw name="Should Be Equal As Strings" owner="BuiltIn">
<arg>${json['username']}</arg>
<arg>Bret</arg>
<doc>Fails if objects are unequal after converting them to strings.</doc>
<status status="PASS" start="2026-07-14T17:44:31.256738" elapsed="0.000748"/>
</kw>
<kw name="Log" owner="BuiltIn">
<msg time="2026-07-14T17:44:31.258785" level="INFO">✅ 测试通过！接口返回的用户名是：Bret</msg>
<arg>✅ 测试通过！接口返回的用户名是：${json['username']}</arg>
<doc>Logs the given message with the given level.</doc>
<status status="PASS" start="2026-07-14T17:44:31.257820" elapsed="0.001025"/>
</kw>
<status status="PASS" start="2026-07-14T17:44:27.728997" elapsed="3.530166"/>
</test>
<status status="PASS" start="2026-07-14T17:44:26.689371" elapsed="4.571007"/>
</suite>
<statistics>
<total>
<stat pass="1" fail="0" skip="0">All Tests</stat>
</total>
<tag>
</tag>
<suite>
<stat name="Api Test" id="s1" pass="1" fail="0" skip="0">Api Test</stat>
</suite>
</statistics>
<errors>
<msg time="2026-07-14T17:44:31.255157" level="WARN">Keyword 'RequestsLibrary.To Json' is deprecated. Please use ${resp.json()} instead. Have a look at the improved HTML output as pretty printing replacement.</msg>
</errors>
</robot>
